<?xml version="1.0" encoding="UTF-8"?>
<coverage generated="1711734004696" clover="3.2.0">
  <project timestamp="1711734004696" name="All files">
    <metrics statements="17" coveredstatements="9" conditionals="14" coveredconditionals="8" methods="4" coveredmethods="2" elements="35" coveredelements="19" complexity="0" loc="17" ncloc="17" packages="1" files="1" classes="1"/>
    <file name="login.controller.js" path="C:\Users\shado\COSC_4353_Project\COSC-4353-Project\backend\controllers\login.controller.js">
      <metrics statements="17" coveredstatements="9" conditionals="14" coveredconditionals="8" methods="4" coveredmethods="2"/>
      <line num="1" count="1" type="stmt"/>
      <line num="5" count="3" type="stmt"/>
      <line num="7" count="3" type="stmt"/>
      <line num="8" count="3" type="cond" truecount="2" falsecount="0"/>
      <line num="11" count="3" type="cond" truecount="4" falsecount="0"/>
      <line num="12" count="1" type="stmt"/>
      <line num="13" count="2" type="cond" truecount="2" falsecount="0"/>
      <line num="14" count="1" type="stmt"/>
      <line num="16" count="1" type="stmt"/>
      <line num="21" count="0" type="stmt"/>
      <line num="23" count="0" type="stmt"/>
      <line num="25" count="0" type="cond" truecount="0" falsecount="4"/>
      <line num="26" count="0" type="stmt"/>
      <line num="27" count="0" type="cond" truecount="0" falsecount="2"/>
      <line num="28" count="0" type="stmt"/>
      <line num="30" count="0" type="stmt"/>
      <line num="31" count="0" type="stmt"/>
    </file>
  </project>
</coverage>
