{"C:\\Users\\shado\\COSC_4353_Project\\COSC-4353-Project\\backend\\controllers\\client-profile.controller.js": {"path":"C:\\Users\\shado\\COSC_4353_Project\\COSC-4353-Project\\backend\\controllers\\client-profile.controller.js","statementMap":{"0":{"start":{"line":5,"column":8},"end":{"line":25,"column":9}},"1":{"start":{"line":6,"column":93},"end":{"line":6,"column":101}},"2":{"start":{"line":9,"column":12},"end":{"line":11,"column":13}},"3":{"start":{"line":10,"column":16},"end":{"line":10,"column":97}},"4":{"start":{"line":17,"column":28},"end":{"line":17,"column":64}},"5":{"start":{"line":19,"column":12},"end":{"line":19,"column":43}},"6":{"start":{"line":23,"column":12},"end":{"line":23,"column":76}},"7":{"start":{"line":24,"column":12},"end":{"line":24,"column":68}}},"fnMap":{"0":{"name":"(anonymous_0)","decl":{"start":{"line":4,"column":4},"end":{"line":4,"column":5}},"loc":{"start":{"line":4,"column":41},"end":{"line":26,"column":5}},"line":4}},"branchMap":{"0":{"loc":{"start":{"line":9,"column":12},"end":{"line":11,"column":13}},"type":"if","locations":[{"start":{"line":9,"column":12},"end":{"line":11,"column":13}},{"start":{},"end":{}}],"line":9},"1":{"loc":{"start":{"line":9,"column":16},"end":{"line":9,"column":82}},"type":"binary-expr","locations":[{"start":{"line":9,"column":16},"end":{"line":9,"column":25}},{"start":{"line":9,"column":29},"end":{"line":9,"column":38}},{"start":{"line":9,"column":42},"end":{"line":9,"column":51}},{"start":{"line":9,"column":55},"end":{"line":9,"column":60}},{"start":{"line":9,"column":64},"end":{"line":9,"column":70}},{"start":{"line":9,"column":74},"end":{"line":9,"column":82}}],"line":9}},"s":{"0":3,"1":3,"2":3,"3":1,"4":2,"5":1,"6":1,"7":1},"f":{"0":3},"b":{"0":[1,2],"1":[3,2,2,2,2,2]},"inputSourceMap":null,"_coverageSchema":"1a1c01bbd47fc00a2c39e90264f33305004495a9","hash":"b0b3b4acdfcdea00d772836a4eed4930b5c7413d"}
,"C:\\Users\\shado\\COSC_4353_Project\\COSC-4353-Project\\backend\\controllers\\fuel-quote.controller.js": {"path":"C:\\Users\\shado\\COSC_4353_Project\\COSC-4353-Project\\backend\\controllers\\fuel-quote.controller.js","statementMap":{"0":{"start":{"line":6,"column":8},"end":{"line":20,"column":9}},"1":{"start":{"line":7,"column":88},"end":{"line":7,"column":96}},"2":{"start":{"line":10,"column":12},"end":{"line":12,"column":13}},"3":{"start":{"line":11,"column":16},"end":{"line":11,"column":82}},"4":{"start":{"line":14,"column":30},"end":{"line":14,"column":62}},"5":{"start":{"line":16,"column":12},"end":{"line":16,"column":48}},"6":{"start":{"line":18,"column":12},"end":{"line":18,"column":84}},"7":{"start":{"line":19,"column":12},"end":{"line":19,"column":69}},"8":{"start":{"line":24,"column":8},"end":{"line":31,"column":9}},"9":{"start":{"line":25,"column":37},"end":{"line":25,"column":81}},"10":{"start":{"line":27,"column":12},"end":{"line":27,"column":55}},"11":{"start":{"line":29,"column":12},"end":{"line":29,"column":81}},"12":{"start":{"line":30,"column":12},"end":{"line":30,"column":69}}},"fnMap":{"0":{"name":"(anonymous_0)","decl":{"start":{"line":5,"column":4},"end":{"line":5,"column":5}},"loc":{"start":{"line":5,"column":43},"end":{"line":21,"column":5}},"line":5},"1":{"name":"(anonymous_1)","decl":{"start":{"line":23,"column":4},"end":{"line":23,"column":5}},"loc":{"start":{"line":23,"column":47},"end":{"line":32,"column":5}},"line":23}},"branchMap":{"0":{"loc":{"start":{"line":10,"column":12},"end":{"line":12,"column":13}},"type":"if","locations":[{"start":{"line":10,"column":12},"end":{"line":12,"column":13}},{"start":{},"end":{}}],"line":10},"1":{"loc":{"start":{"line":10,"column":16},"end":{"line":10,"column":89}},"type":"binary-expr","locations":[{"start":{"line":10,"column":16},"end":{"line":10,"column":33}},{"start":{"line":10,"column":37},"end":{"line":10,"column":53}},{"start":{"line":10,"column":57},"end":{"line":10,"column":70}},{"start":{"line":10,"column":74},"end":{"line":10,"column":89}}],"line":10}},"s":{"0":3,"1":3,"2":3,"3":1,"4":2,"5":1,"6":1,"7":1,"8":2,"9":2,"10":1,"11":1,"12":1},"f":{"0":3,"1":2},"b":{"0":[1,2],"1":[3,2,2,2]},"inputSourceMap":null,"_coverageSchema":"1a1c01bbd47fc00a2c39e90264f33305004495a9","hash":"c758103ff751d67fe9318b68472ae070efa6606c"}
,"C:\\Users\\shado\\COSC_4353_Project\\COSC-4353-Project\\backend\\controllers\\login.controller.js": {"path":"C:\\Users\\shado\\COSC_4353_Project\\COSC-4353-Project\\backend\\controllers\\login.controller.js","statementMap":{"0":{"start":{"line":8,"column":35},"end":{"line":8,"column":43}},"1":{"start":{"line":10,"column":17},"end":{"line":10,"column":49}},"2":{"start":{"line":12,"column":4},"end":{"line":19,"column":5}},"3":{"start":{"line":13,"column":6},"end":{"line":13,"column":71}},"4":{"start":{"line":14,"column":11},"end":{"line":19,"column":5}},"5":{"start":{"line":15,"column":22},"end":{"line":15,"column":42}},"6":{"start":{"line":16,"column":6},"end":{"line":16,"column":24}},"7":{"start":{"line":18,"column":6},"end":{"line":18,"column":72}},"8":{"start":{"line":23,"column":35},"end":{"line":23,"column":43}},"9":{"start":{"line":25,"column":4},"end":{"line":37,"column":5}},"10":{"start":{"line":26,"column":6},"end":{"line":26,"column":71}},"11":{"start":{"line":28,"column":6},"end":{"line":36,"column":7}},"12":{"start":{"line":29,"column":21},"end":{"line":29,"column":62}},"13":{"start":{"line":30,"column":24},"end":{"line":30,"column":44}},"14":{"start":{"line":31,"column":8},"end":{"line":31,"column":26}},"15":{"start":{"line":32,"column":8},"end":{"line":32,"column":26}},"16":{"start":{"line":34,"column":8},"end":{"line":34,"column":25}},"17":{"start":{"line":35,"column":8},"end":{"line":35,"column":66}}},"fnMap":{"0":{"name":"(anonymous_0)","decl":{"start":{"line":7,"column":2},"end":{"line":7,"column":3}},"loc":{"start":{"line":7,"column":31},"end":{"line":20,"column":3}},"line":7},"1":{"name":"(anonymous_1)","decl":{"start":{"line":22,"column":2},"end":{"line":22,"column":3}},"loc":{"start":{"line":22,"column":34},"end":{"line":38,"column":3}},"line":22}},"branchMap":{"0":{"loc":{"start":{"line":12,"column":4},"end":{"line":19,"column":5}},"type":"if","locations":[{"start":{"line":12,"column":4},"end":{"line":19,"column":5}},{"start":{"line":14,"column":11},"end":{"line":19,"column":5}}],"line":12},"1":{"loc":{"start":{"line":12,"column":8},"end":{"line":12,"column":30}},"type":"binary-expr","locations":[{"start":{"line":12,"column":8},"end":{"line":12,"column":17}},{"start":{"line":12,"column":21},"end":{"line":12,"column":30}}],"line":12},"2":{"loc":{"start":{"line":14,"column":11},"end":{"line":19,"column":5}},"type":"if","locations":[{"start":{"line":14,"column":11},"end":{"line":19,"column":5}},{"start":{"line":17,"column":11},"end":{"line":19,"column":5}}],"line":14},"3":{"loc":{"start":{"line":14,"column":15},"end":{"line":14,"column":54}},"type":"binary-expr","locations":[{"start":{"line":14,"column":15},"end":{"line":14,"column":19}},{"start":{"line":14,"column":23},"end":{"line":14,"column":54}}],"line":14},"4":{"loc":{"start":{"line":25,"column":4},"end":{"line":37,"column":5}},"type":"if","locations":[{"start":{"line":25,"column":4},"end":{"line":37,"column":5}},{"start":{"line":27,"column":11},"end":{"line":37,"column":5}}],"line":25},"5":{"loc":{"start":{"line":25,"column":8},"end":{"line":25,"column":30}},"type":"binary-expr","locations":[{"start":{"line":25,"column":8},"end":{"line":25,"column":17}},{"start":{"line":25,"column":21},"end":{"line":25,"column":30}}],"line":25}},"s":{"0":3,"1":3,"2":3,"3":1,"4":2,"5":1,"6":1,"7":1,"8":4,"9":4,"10":2,"11":2,"12":2,"13":1,"14":1,"15":1,"16":1,"17":1},"f":{"0":3,"1":4},"b":{"0":[1,2],"1":[3,2],"2":[1,1],"3":[2,2],"4":[2,2],"5":[4,3]},"inputSourceMap":null,"_coverageSchema":"1a1c01bbd47fc00a2c39e90264f33305004495a9","hash":"dce79dc00ec12b28b81b0a94687438220048a567"}
,"C:\\Users\\shado\\COSC_4353_Project\\COSC-4353-Project\\backend\\controllers\\pricing.controller.js": {"path":"C:\\Users\\shado\\COSC_4353_Project\\COSC-4353-Project\\backend\\controllers\\pricing.controller.js","statementMap":{"0":{"start":{"line":2,"column":17},"end":{"line":2,"column":20}},"1":{"start":{"line":5,"column":60},"end":{"line":5,"column":68}},"2":{"start":{"line":7,"column":28},"end":{"line":7,"column":58}},"3":{"start":{"line":8,"column":29},"end":{"line":8,"column":55}},"4":{"start":{"line":9,"column":25},"end":{"line":9,"column":63}},"5":{"start":{"line":10,"column":27},"end":{"line":10,"column":30}},"6":{"start":{"line":13,"column":6},"end":{"line":14,"column":74}},"7":{"start":{"line":16,"column":27},"end":{"line":16,"column":41}},"8":{"start":{"line":18,"column":24},"end":{"line":18,"column":57}},"9":{"start":{"line":20,"column":4},"end":{"line":26,"column":5}},"10":{"start":{"line":21,"column":6},"end":{"line":21,"column":62}},"11":{"start":{"line":22,"column":11},"end":{"line":26,"column":5}},"12":{"start":{"line":23,"column":6},"end":{"line":23,"column":71}},"13":{"start":{"line":25,"column":6},"end":{"line":25,"column":60}}},"fnMap":{"0":{"name":"(anonymous_0)","decl":{"start":{"line":4,"column":2},"end":{"line":4,"column":3}},"loc":{"start":{"line":4,"column":42},"end":{"line":27,"column":3}},"line":4}},"branchMap":{"0":{"loc":{"start":{"line":7,"column":28},"end":{"line":7,"column":58}},"type":"cond-expr","locations":[{"start":{"line":7,"column":47},"end":{"line":7,"column":51}},{"start":{"line":7,"column":54},"end":{"line":7,"column":58}}],"line":7},"1":{"loc":{"start":{"line":8,"column":29},"end":{"line":8,"column":55}},"type":"cond-expr","locations":[{"start":{"line":8,"column":47},"end":{"line":8,"column":51}},{"start":{"line":8,"column":54},"end":{"line":8,"column":55}}],"line":8},"2":{"loc":{"start":{"line":9,"column":25},"end":{"line":9,"column":63}},"type":"cond-expr","locations":[{"start":{"line":9,"column":52},"end":{"line":9,"column":56}},{"start":{"line":9,"column":59},"end":{"line":9,"column":63}}],"line":9},"3":{"loc":{"start":{"line":20,"column":4},"end":{"line":26,"column":5}},"type":"if","locations":[{"start":{"line":20,"column":4},"end":{"line":26,"column":5}},{"start":{"line":22,"column":11},"end":{"line":26,"column":5}}],"line":20},"4":{"loc":{"start":{"line":22,"column":11},"end":{"line":26,"column":5}},"type":"if","locations":[{"start":{"line":22,"column":11},"end":{"line":26,"column":5}},{"start":{"line":24,"column":11},"end":{"line":26,"column":5}}],"line":22}},"s":{"0":1,"1":1,"2":1,"3":1,"4":1,"5":1,"6":1,"7":0,"8":0,"9":0,"10":0,"11":0,"12":0,"13":0},"f":{"0":1},"b":{"0":[0,1],"1":[1,0],"2":[0,1],"3":[0,0],"4":[0,0]},"inputSourceMap":null,"_coverageSchema":"1a1c01bbd47fc00a2c39e90264f33305004495a9","hash":"1ddd7f11121c6bfd1748e9eefe809cef85ce9e72"}
,"C:\\Users\\shado\\COSC_4353_Project\\COSC-4353-Project\\backend\\data\\users.js": {"path":"C:\\Users\\shado\\COSC_4353_Project\\COSC-4353-Project\\backend\\data\\users.js","statementMap":{"0":{"start":{"line":1,"column":14},"end":{"line":1,"column":144}}},"fnMap":{},"branchMap":{},"s":{"0":1},"f":{},"b":{},"inputSourceMap":null,"_coverageSchema":"1a1c01bbd47fc00a2c39e90264f33305004495a9","hash":"aeea52a381b4a11667453d2b4c480744e726388c"}
,"C:\\Users\\shado\\COSC_4353_Project\\COSC-4353-Project\\backend\\models\\client-profile.model.js": {"path":"C:\\Users\\shado\\COSC_4353_Project\\COSC-4353-Project\\backend\\models\\client-profile.model.js","statementMap":{"0":{"start":{"line":3,"column":28},"end":{"line":47,"column":24}},"1":{"start":{"line":49,"column":22},"end":{"line":49,"column":74}}},"fnMap":{},"branchMap":{},"s":{"0":2,"1":2},"f":{},"b":{},"inputSourceMap":null,"_coverageSchema":"1a1c01bbd47fc00a2c39e90264f33305004495a9","hash":"1d2508a5de62dfd583567e8d30d6bbd430280cce"}
,"C:\\Users\\shado\\COSC_4353_Project\\COSC-4353-Project\\backend\\models\\fuel-quote.model.js": {"path":"C:\\Users\\shado\\COSC_4353_Project\\COSC-4353-Project\\backend\\models\\fuel-quote.model.js","statementMap":{"0":{"start":{"line":3,"column":24},"end":{"line":20,"column":24}},"1":{"start":{"line":22,"column":18},"end":{"line":22,"column":62}}},"fnMap":{},"branchMap":{},"s":{"0":1,"1":1},"f":{},"b":{},"inputSourceMap":null,"_coverageSchema":"1a1c01bbd47fc00a2c39e90264f33305004495a9","hash":"4ddbcccb3ffbe9bc0eaf3e5cfec999784bd17768"}
,"C:\\Users\\shado\\COSC_4353_Project\\COSC-4353-Project\\backend\\models\\user.model.js": {"path":"C:\\Users\\shado\\COSC_4353_Project\\COSC-4353-Project\\backend\\models\\user.model.js","statementMap":{"0":{"start":{"line":6,"column":19},"end":{"line":19,"column":1}},"1":{"start":{"line":21,"column":0},"end":{"line":25,"column":3}},"2":{"start":{"line":22,"column":2},"end":{"line":24,"column":3}},"3":{"start":{"line":23,"column":4},"end":{"line":23,"column":55}},"4":{"start":{"line":27,"column":0},"end":{"line":29,"column":2}},"5":{"start":{"line":28,"column":2},"end":{"line":28,"column":63}},"6":{"start":{"line":31,"column":0},"end":{"line":33,"column":2}},"7":{"start":{"line":32,"column":2},"end":{"line":32,"column":53}},"8":{"start":{"line":34,"column":13},"end":{"line":34,"column":47}}},"fnMap":{"0":{"name":"(anonymous_0)","decl":{"start":{"line":21,"column":23},"end":{"line":21,"column":24}},"loc":{"start":{"line":21,"column":35},"end":{"line":25,"column":1}},"line":21},"1":{"name":"(anonymous_1)","decl":{"start":{"line":27,"column":32},"end":{"line":27,"column":33}},"loc":{"start":{"line":27,"column":60},"end":{"line":29,"column":1}},"line":27},"2":{"name":"(anonymous_2)","decl":{"start":{"line":31,"column":38},"end":{"line":31,"column":39}},"loc":{"start":{"line":31,"column":58},"end":{"line":33,"column":1}},"line":31}},"branchMap":{"0":{"loc":{"start":{"line":22,"column":2},"end":{"line":24,"column":3}},"type":"if","locations":[{"start":{"line":22,"column":2},"end":{"line":24,"column":3}},{"start":{},"end":{}}],"line":22}},"s":{"0":2,"1":2,"2":0,"3":0,"4":2,"5":2,"6":2,"7":2,"8":2},"f":{"0":0,"1":2,"2":2},"b":{"0":[0,0]},"inputSourceMap":null,"_coverageSchema":"1a1c01bbd47fc00a2c39e90264f33305004495a9","hash":"b0323ecbe53c2dd735c77f78880dff1ff8480587"}
,"C:\\Users\\shado\\COSC_4353_Project\\COSC-4353-Project\\backend\\util\\helper.js": {"path":"C:\\Users\\shado\\COSC_4353_Project\\COSC-4353-Project\\backend\\util\\helper.js","statementMap":{"0":{"start":{"line":3,"column":30},"end":{"line":5,"column":1}},"1":{"start":{"line":4,"column":2},"end":{"line":4,"column":54}}},"fnMap":{"0":{"name":"(anonymous_0)","decl":{"start":{"line":3,"column":30},"end":{"line":3,"column":31}},"loc":{"start":{"line":3,"column":40},"end":{"line":5,"column":1}},"line":3}},"branchMap":{},"s":{"0":1,"1":2},"f":{"0":2},"b":{},"inputSourceMap":null,"_coverageSchema":"1a1c01bbd47fc00a2c39e90264f33305004495a9","hash":"de4a9f364e4b07af2f2a9e5ef4fa8c64fa2a07e5"}
}
