TN:
SF:backend\controllers\client-profile.controller.js
FN:4,(anonymous_0)
FNF:1
FNH:1
FNDA:3,(anonymous_0)
DA:5,3
DA:6,3
DA:9,3
DA:10,1
DA:17,2
DA:19,1
DA:23,1
DA:24,1
LF:8
LH:8
BRDA:9,0,0,1
BRDA:9,0,1,2
BRDA:9,1,0,3
BRDA:9,1,1,2
BRDA:9,1,2,2
BRDA:9,1,3,2
BRDA:9,1,4,2
BRDA:9,1,5,2
BRF:8
BRH:8
end_of_record
TN:
SF:backend\controllers\fuel-quote.controller.js
FN:4,(anonymous_0)
FN:22,(anonymous_1)
FNF:2
FNH:2
FNDA:3,(anonymous_0)
FNDA:2,(anonymous_1)
DA:5,3
DA:6,3
DA:9,3
DA:10,1
DA:13,2
DA:15,1
DA:17,1
DA:18,1
DA:23,2
DA:24,2
DA:26,1
DA:28,1
DA:29,1
LF:13
LH:13
BRDA:9,0,0,1
BRDA:9,0,1,2
BRDA:9,1,0,3
BRDA:9,1,1,2
BRDA:9,1,2,2
BRDA:9,1,3,2
BRF:6
BRH:6
end_of_record
TN:
SF:backend\controllers\login.controller.js
FN:7,(anonymous_0)
FN:22,(anonymous_1)
FNF:2
FNH:2
FNDA:3,(anonymous_0)
FNDA:4,(anonymous_1)
DA:8,3
DA:10,3
DA:12,3
DA:13,1
DA:14,2
DA:15,1
DA:16,1
DA:18,1
DA:23,4
DA:25,4
DA:26,2
DA:28,2
DA:29,2
DA:30,1
DA:31,1
DA:32,1
DA:34,1
DA:35,1
LF:18
LH:18
BRDA:12,0,0,1
BRDA:12,0,1,2
BRDA:12,1,0,3
BRDA:12,1,1,2
BRDA:14,2,0,1
BRDA:14,2,1,1
BRDA:14,3,0,2
BRDA:14,3,1,2
BRDA:25,4,0,2
BRDA:25,4,1,2
BRDA:25,5,0,4
BRDA:25,5,1,3
BRF:12
BRH:12
end_of_record
TN:
SF:backend\data\users.js
FNF:0
FNH:0
DA:1,1
LF:1
LH:1
BRF:0
BRH:0
end_of_record
TN:
SF:backend\models\client-profile.model.js
FNF:0
FNH:0
DA:3,1
DA:49,1
LF:2
LH:2
BRF:0
BRH:0
end_of_record
TN:
SF:backend\models\fuel-quote.model.js
FNF:0
FNH:0
DA:3,1
DA:22,1
LF:2
LH:2
BRF:0
BRH:0
end_of_record
TN:
SF:backend\models\user.model.js
FN:12,(anonymous_0)
FN:24,(anonymous_1)
FN:30,(anonymous_2)
FN:34,(anonymous_3)
FNF:4
FNH:2
FNDA:0,(anonymous_0)
FNDA:0,(anonymous_1)
FNDA:2,(anonymous_2)
FNDA:2,(anonymous_3)
DA:6,2
DA:12,0
DA:24,2
DA:25,0
DA:26,0
DA:30,2
DA:31,2
DA:34,2
DA:35,2
DA:37,2
LF:10
LH:7
BRDA:25,0,0,0
BRDA:25,0,1,0
BRF:2
BRH:0
end_of_record
TN:
SF:backend\util\helper.js
FN:3,(anonymous_0)
FNF:1
FNH:1
FNDA:2,(anonymous_0)
DA:3,1
DA:4,2
LF:2
LH:2
BRF:0
BRH:0
end_of_record
